# JRE version: OpenJDK Runtime Environment Temurin-17.0.4+8 (17.0.4+8) (build 17.0.4+8)
# Java VM: OpenJDK 64-Bit Server VM Temurin-17.0.4+8 (17.0.4+8, mixed mode, emulated-client, tiered, compressed oops, compressed class ptrs, g1 gc, windows-amd64)
GC Precious Log:
 CPUs: 4 total, 4 available
 Memory: 12202M
 Large Page Support: Disabled
 NUMA Support: Disabled
 Compressed Oops: Enabled (Zero based)
 Heap Region Size: 2M
 Heap Min Capacity: 8M
 Heap Initial Capacity: 192M
 Heap Max Capacity: 3052M
 Pre-touch: Disabled
 Parallel Workers: 4
 Concurrent Workers: 1
 Concurrent Refinement Workers: 4
 Periodic GC: Disabled
Heap:
 garbage-first heap   total 81920K, used 23192K [0x0000000741400000, 0x0000000800000000)
  region size 2048K, 1 young (2048K), 0 survivors (0K)
 Metaspace       used 41418K, committed 41920K, reserved 1089536K
  class space    used 5769K, committed 5952K, reserved 1048576K
GC Heap History (20 events):
Event: 1056.998 GC heap before
{Heap before GC invocations=133 (full 94):
 garbage-first heap   total 81920K, used 23192K [0x0000000741400000, 0x0000000800000000)
  region size 2048K, 1 young (2048K), 0 survivors (0K)
 Metaspace       used 41418K, committed 41920K, reserved 1089536K
  class space    used 5769K, committed 5952K, reserved 1048576K
}
Event: 1057.045 GC heap after
{Heap after GC invocations=134 (full 95):
 garbage-first heap   total 81920K, used 23192K [0x0000000741400000, 0x0000000800000000)
  region size 2048K, 0 young (0K), 0 survivors (0K)
 Metaspace       used 41418K, committed 41920K, reserved 1089536K
  class space    used 5769K, committed 5952K, reserved 1048576K
}
Event: 1067.377 GC heap before
{Heap before GC invocations=134 (full 95):
 garbage-first heap   total 81920K, used 23192K [0x0000000741400000, 0x0000000800000000)
  region size 2048K, 1 young (2048K), 0 survivors (0K)
 Metaspace       used 41418K, committed 41920K, reserved 1089536K
  class space    used 5769K, committed 5952K, reserved 1048576K
}
Event: 1067.432 GC heap after
{Heap after GC invocations=135 (full 96):
 garbage-first heap   total 81920K, used 23192K [0x0000000741400000, 0x0000000800000000)
  region size 2048K, 0 young (0K), 0 survivors (0K)
 Metaspace       used 41418K, committed 41920K, reserved 1089536K
  class space    used 5769K, committed 5952K, reserved 1048576K
}
Event: 1077.776 GC heap before
{Heap before GC invocations=135 (full 96):
 garbage-first heap   total 81920K, used 23192K [0x0000000741400000, 0x0000000800000000)
  region size 2048K, 1 young (2048K), 0 survivors (0K)
 Metaspace       used 41418K, committed 41920K, reserved 1089536K
  class space    used 5769K, committed 5952K, reserved 1048576K
}
Event: 1077.828 GC heap after
{Heap after GC invocations=136 (full 97):
 garbage-first heap   total 81920K, used 23192K [0x0000000741400000, 0x0000000800000000)
  region size 2048K, 0 young (0K), 0 survivors (0K)
 Metaspace       used 41418K, committed 41920K, reserved 1089536K
  class space    used 5769K, committed 5952K, reserved 1048576K
}
Event: 1088.204 GC heap before
{Heap before GC invocations=136 (full 97):
 garbage-first heap   total 81920K, used 23192K [0x0000000741400000, 0x0000000800000000)
  region size 2048K, 1 young (2048K), 0 survivors (0K)
 Metaspace       used 41418K, committed 41920K, reserved 1089536K
  class space    used 5769K, committed 5952K, reserved 1048576K
}
Event: 1088.257 GC heap after
{Heap after GC invocations=137 (full 98):
 garbage-first heap   total 81920K, used 23192K [0x0000000741400000, 0x0000000800000000)
  region size 2048K, 0 young (0K), 0 survivors (0K)
 Metaspace       used 41418K, committed 41920K, reserved 1089536K
  class space    used 5769K, committed 5952K, reserved 1048576K
}
Event: 1098.578 GC heap before
{Heap before GC invocations=137 (full 98):
 garbage-first heap   total 81920K, used 23192K [0x0000000741400000, 0x0000000800000000)
  region size 2048K, 1 young (2048K), 0 survivors (0K)
 Metaspace       used 41418K, committed 41920K, reserved 1089536K
  class space    used 5769K, committed 5952K, reserved 1048576K
}
Event: 1098.629 GC heap after
{Heap after GC invocations=138 (full 99):
 garbage-first heap   total 81920K, used 23192K [0x0000000741400000, 0x0000000800000000)
  region size 2048K, 0 young (0K), 0 survivors (0K)
 Metaspace       used 41418K, committed 41920K, reserved 1089536K
  class space    used 5769K, committed 5952K, reserved 1048576K
}
Event: 1109.065 GC heap before
{Heap before GC invocations=138 (full 99):
 garbage-first heap   total 81920K, used 23192K [0x0000000741400000, 0x0000000800000000)
  region size 2048K, 1 young (2048K), 0 survivors (0K)
 Metaspace       used 41418K, committed 41920K, reserved 1089536K
  class space    used 5769K, committed 5952K, reserved 1048576K
}
Event: 1109.115 GC heap after
{Heap after GC invocations=139 (full 100):
 garbage-first heap   total 81920K, used 23192K [0x0000000741400000, 0x0000000800000000)
  region size 2048K, 0 young (0K), 0 survivors (0K)
 Metaspace       used 41418K, committed 41920K, reserved 1089536K
  class space    used 5769K, committed 5952K, reserved 1048576K
}
Event: 1120.221 GC heap before
{Heap before GC invocations=139 (full 100):
 garbage-first heap   total 81920K, used 23192K [0x0000000741400000, 0x0000000800000000)
  region size 2048K, 1 young (2048K), 0 survivors (0K)
 Metaspace       used 41418K, committed 41920K, reserved 1089536K
  class space    used 5769K, committed 5952K, reserved 1048576K
}
Event: 1120.276 GC heap after
{Heap after GC invocations=140 (full 101):
 garbage-first heap   total 81920K, used 23192K [0x0000000741400000, 0x0000000800000000)
  region size 2048K, 0 young (0K), 0 survivors (0K)
 Metaspace       used 41418K, committed 41920K, reserved 1089536K
  class space    used 5769K, committed 5952K, reserved 1048576K
}
Event: 1134.516 GC heap before
{Heap before GC invocations=140 (full 101):
 garbage-first heap   total 81920K, used 23192K [0x0000000741400000, 0x0000000800000000)
  region size 2048K, 1 young (2048K), 0 survivors (0K)
 Metaspace       used 41418K, committed 41920K, reserved 1089536K
  class space    used 5769K, committed 5952K, reserved 1048576K
}
Event: 1134.578 GC heap after
{Heap after GC invocations=141 (full 102):
 garbage-first heap   total 81920K, used 23192K [0x0000000741400000, 0x0000000800000000)
  region size 2048K, 0 young (0K), 0 survivors (0K)
 Metaspace       used 41418K, committed 41920K, reserved 1089536K
  class space    used 5769K, committed 5952K, reserved 1048576K
}
Event: 1145.606 GC heap before
{Heap before GC invocations=141 (full 102):
 garbage-first heap   total 81920K, used 23192K [0x0000000741400000, 0x0000000800000000)
  region size 2048K, 1 young (2048K), 0 survivors (0K)
 Metaspace       used 41418K, committed 41920K, reserved 1089536K
  class space    used 5769K, committed 5952K, reserved 1048576K
}
Event: 1145.659 GC heap after
{Heap after GC invocations=142 (full 103):
 garbage-first heap   total 81920K, used 23192K [0x0000000741400000, 0x0000000800000000)
  region size 2048K, 0 young (0K), 0 survivors (0K)
 Metaspace       used 41418K, committed 41920K, reserved 1089536K
  class space    used 5769K, committed 5952K, reserved 1048576K
}
Event: 1156.951 GC heap before
{Heap before GC invocations=142 (full 103):
 garbage-first heap   total 81920K, used 23192K [0x0000000741400000, 0x0000000800000000)
  region size 2048K, 1 young (2048K), 0 survivors (0K)
 Metaspace       used 41418K, committed 41920K, reserved 1089536K
  class space    used 5769K, committed 5952K, reserved 1048576K
}
Event: 1157.005 GC heap after
{Heap after GC invocations=143 (full 104):
 garbage-first heap   total 81920K, used 23192K [0x0000000741400000, 0x0000000800000000)
  region size 2048K, 0 young (0K), 0 survivors (0K)
 Metaspace       used 41418K, committed 41920K, reserved 1089536K
  class space    used 5769K, committed 5952K, reserved 1048576K
}

